This is pdfTeX, Version 3.141592653-2.6-1.40.26 (TeX Live 2024) (preloaded format=pdflatex 2024.11.29)  10 AUG 2025 01:41
entering extended mode
 restricted \write18 enabled.
 %&-line parsing enabled.
**bpg_mat_fin_25.tex
(./bpg_mat_fin_25.tex
LaTeX2e <2024-11-01> patch level 1
L3 programming layer <2024-11-02>

(b:/ProgrammingLanguages/texlive/2024/texmf-dist/tex/latex/koma-script/scrbook.
cls
Document Class: scrbook 2024/10/24 v3.43 KOMA-Script document class (book)

(b:/ProgrammingLanguages/texlive/2024/texmf-dist/tex/latex/koma-script/scrkbase
.sty
Package: scrkbase 2024/10/24 v3.43 KOMA-Script package (KOMA-Script-dependent b
asics and keyval usage)

(b:/ProgrammingLanguages/texlive/2024/texmf-dist/tex/latex/koma-script/scrbase.
sty
Package: scrbase 2024/10/24 v3.43 KOMA-Script package (KOMA-Script-independent 
basics and keyval usage)

(b:/ProgrammingLanguages/texlive/2024/texmf-dist/tex/latex/koma-script/scrlfile
.sty
Package: scrlfile 2024/10/24 v3.43 KOMA-Script package (file load hooks)

(b:/ProgrammingLanguages/texlive/2024/texmf-dist/tex/latex/koma-script/scrlfile
-hook.sty
Package: scrlfile-hook 2024/10/24 v3.43 KOMA-Script package (using LaTeX hooks)


(b:/ProgrammingLanguages/texlive/2024/texmf-dist/tex/latex/koma-script/scrlogo.
sty
Package: scrlogo 2024/10/24 v3.43 KOMA-Script package (logo)
)))
(b:/ProgrammingLanguages/texlive/2024/texmf-dist/tex/latex/graphics/keyval.sty
Package: keyval 2022/05/29 v1.15 key=value parser (DPC)
\KV@toks@=\toks17
)
Applying: [2021/05/01] Usage of raw or classic option list on input line 254.
Already applied: [0000/00/00] Usage of raw or classic option list on input line
 370.
))
(b:/ProgrammingLanguages/texlive/2024/texmf-dist/tex/latex/koma-script/tocbasic
.sty
Package: tocbasic 2024/10/24 v3.43 KOMA-Script package (handling toc-files)
\scr@dte@tocline@numberwidth=\skip49
\scr@dte@tocline@numbox=\box52
)
Package tocbasic Info: omitting babel extension for `toc'
(tocbasic)             because of feature `nobabel' available
(tocbasic)             for `toc' on input line 137.
Package scrbook Info: You've used standard option `11pt'.
(scrbook)             This is correct!
(scrbook)             Internally I'm using `fontsize=11pt'.
(scrbook)             If you'd like to set the option with \KOMAoptions,
(scrbook)             you'd have to use `fontsize=11pt' there
(scrbook)             instead of `11pt', too.
Class scrbook Info: You've used standard option `oneside'.
(scrbook)           This is correct!
(scrbook)           Internally I'm using `twoside=false'.
(scrbook)           If you'd like to set the option with \KOMAoptions,
(scrbook)           you'd have to use `twoside=false' there
(scrbook)           instead of `oneside', too.
Class scrbook Info: File `scrsize11pt.clo' used to setup font sizes on input li
ne 2716.

(b:/ProgrammingLanguages/texlive/2024/texmf-dist/tex/latex/koma-script/scrsize1
1pt.clo
File: scrsize11pt.clo 2024/10/24 v3.43 KOMA-Script font size class option (11pt
)
)
(b:/ProgrammingLanguages/texlive/2024/texmf-dist/tex/latex/koma-script/typearea
.sty
Package: typearea 2024/10/24 v3.43 KOMA-Script package (type area)
\ta@bcor=\skip50
\ta@div=\count196
Package typearea Info: You've used standard option `a4paper'.
(typearea)             This is correct!
(typearea)             Internally I'm using `paper=a4'.
(typearea)             If you'd like to set the option with \KOMAoptions,
(typearea)             you'd have to use `paper=a4' there
(typearea)             instead of `a4paper', too.
Package typearea Info: You've used standard option `oneside'.
(typearea)             This is correct!
(typearea)             Internally I'm using `twoside=false'.
(typearea)             If you'd like to set the option with \KOMAoptions,
(typearea)             you'd have to use `twoside=false' there
(typearea)             instead of `oneside', too.
\ta@hblk=\skip51
\ta@vblk=\skip52
\ta@temp=\skip53
\footheight=\skip54


Package typearea Warning: Bad type area settings!
(typearea)                The detected line width is about 22%
(typearea)                larger than the heuristically estimated maximum
(typearea)                limit of typographical good line width.
(typearea)                You should e.g. decrease DIV, increase fontsize
(typearea)                or change papersize.

Package typearea Info: These are the values describing the layout:
(typearea)             DIV  = 15
(typearea)             BCOR = 0.0pt
(typearea)             \paperwidth      = 597.50793pt
(typearea)              \textwidth      = 478.00635pt
(typearea)              DIV departure   = -22%
(typearea)              \evensidemargin = -12.5192pt
(typearea)              \oddsidemargin  = -12.5192pt
(typearea)             \paperheight     = 845.04694pt
(typearea)              \textheight     = 677.4003pt
(typearea)              \topmargin      = -53.33354pt
(typearea)              \headheight     = 17.0pt
(typearea)              \headsep        = 20.40001pt
(typearea)              \topskip        = 11.0pt
(typearea)              \footskip       = 47.6pt
(typearea)              \baselineskip   = 13.6pt
(typearea)              on input line 1802.
)
\c@part=\count197
\c@chapter=\count198
\c@section=\count199
\c@subsection=\count266
\c@subsubsection=\count267
\c@paragraph=\count268
\c@subparagraph=\count269
\scr@dte@chapter@maxnumwidth=\skip55
Class scrbook Info: using compatibility default `afterindent=bysign'
(scrbook)           for `\chapter on input line 6016.
\scr@dte@section@maxnumwidth=\skip56
Class scrbook Info: using compatibility default `runin=bysign'
(scrbook)           for `\section on input line 6027.
Class scrbook Info: using compatibility default `afterindent=bysign'
(scrbook)           for `\section on input line 6027.
\scr@dte@part@maxnumwidth=\skip57
Class scrbook Info: using compatibility default `afterindent=true'
(scrbook)           for `\part on input line 6036.
\scr@dte@subsection@maxnumwidth=\skip58
Class scrbook Info: using compatibility default `runin=bysign'
(scrbook)           for `\subsection on input line 6046.
Class scrbook Info: using compatibility default `afterindent=bysign'
(scrbook)           for `\subsection on input line 6046.
\scr@dte@subsubsection@maxnumwidth=\skip59
Class scrbook Info: using compatibility default `runin=bysign'
(scrbook)           for `\subsubsection on input line 6056.
Class scrbook Info: using compatibility default `afterindent=bysign'
(scrbook)           for `\subsubsection on input line 6056.
\scr@dte@paragraph@maxnumwidth=\skip60
Class scrbook Info: using compatibility default `runin=bysign'
(scrbook)           for `\paragraph on input line 6067.
Class scrbook Info: using compatibility default `afterindent=bysign'
(scrbook)           for `\paragraph on input line 6067.
\scr@dte@subparagraph@maxnumwidth=\skip61
Class scrbook Info: using compatibility default `runin=bysign'
(scrbook)           for `\subparagraph on input line 6077.
Class scrbook Info: using compatibility default `afterindent=bysign'
(scrbook)           for `\subparagraph on input line 6077.
\abovecaptionskip=\skip62
\belowcaptionskip=\skip63
\c@pti@nb@sid@b@x=\box53
Package tocbasic Info: omitting babel extension for `lof'
(tocbasic)             because of feature `nobabel' available
(tocbasic)             for `lof' on input line 7271.
\scr@dte@figure@maxnumwidth=\skip64
\c@figure=\count270
Package tocbasic Info: omitting babel extension for `lot'
(tocbasic)             because of feature `nobabel' available
(tocbasic)             for `lot' on input line 7288.
\scr@dte@table@maxnumwidth=\skip65
\c@table=\count271
Class scrbook Info: Redefining `\numberline' on input line 7459.
\bibindent=\dimen141
) (./design_modern.tex
(b:/ProgrammingLanguages/texlive/2024/texmf-dist/tex/latex/lm/lmodern.sty
Package: lmodern 2015/05/01 v1.6.1 Latin Modern Fonts
LaTeX Font Info:    Overwriting symbol font `operators' in version `normal'
(Font)                  OT1/cmr/m/n --> OT1/lmr/m/n on input line 22.
LaTeX Font Info:    Overwriting symbol font `letters' in version `normal'
(Font)                  OML/cmm/m/it --> OML/lmm/m/it on input line 23.
LaTeX Font Info:    Overwriting symbol font `symbols' in version `normal'
(Font)                  OMS/cmsy/m/n --> OMS/lmsy/m/n on input line 24.
LaTeX Font Info:    Overwriting symbol font `largesymbols' in version `normal'
(Font)                  OMX/cmex/m/n --> OMX/lmex/m/n on input line 25.
LaTeX Font Info:    Overwriting symbol font `operators' in version `bold'
(Font)                  OT1/cmr/bx/n --> OT1/lmr/bx/n on input line 26.
LaTeX Font Info:    Overwriting symbol font `letters' in version `bold'
(Font)                  OML/cmm/b/it --> OML/lmm/b/it on input line 27.
LaTeX Font Info:    Overwriting symbol font `symbols' in version `bold'
(Font)                  OMS/cmsy/b/n --> OMS/lmsy/b/n on input line 28.
LaTeX Font Info:    Overwriting symbol font `largesymbols' in version `bold'
(Font)                  OMX/cmex/m/n --> OMX/lmex/m/n on input line 29.
LaTeX Font Info:    Overwriting math alphabet `\mathbf' in version `normal'
(Font)                  OT1/cmr/bx/n --> OT1/lmr/bx/n on input line 31.
LaTeX Font Info:    Overwriting math alphabet `\mathsf' in version `normal'
(Font)                  OT1/cmss/m/n --> OT1/lmss/m/n on input line 32.
LaTeX Font Info:    Overwriting math alphabet `\mathit' in version `normal'
(Font)                  OT1/cmr/m/it --> OT1/lmr/m/it on input line 33.
LaTeX Font Info:    Overwriting math alphabet `\mathtt' in version `normal'
(Font)                  OT1/cmtt/m/n --> OT1/lmtt/m/n on input line 34.
LaTeX Font Info:    Overwriting math alphabet `\mathbf' in version `bold'
(Font)                  OT1/cmr/bx/n --> OT1/lmr/bx/n on input line 35.
LaTeX Font Info:    Overwriting math alphabet `\mathsf' in version `bold'
(Font)                  OT1/cmss/bx/n --> OT1/lmss/bx/n on input line 36.
LaTeX Font Info:    Overwriting math alphabet `\mathit' in version `bold'
(Font)                  OT1/cmr/bx/it --> OT1/lmr/bx/it on input line 37.
LaTeX Font Info:    Overwriting math alphabet `\mathtt' in version `bold'
(Font)                  OT1/cmtt/m/n --> OT1/lmtt/m/n on input line 38.
)
(b:/ProgrammingLanguages/texlive/2024/texmf-dist/tex/latex/base/fontenc.sty
Package: fontenc 2021/04/29 v2.0v Standard LaTeX package
LaTeX Font Info:    Trying to load font information for T1+lmr on input line 11
6.

(b:/ProgrammingLanguages/texlive/2024/texmf-dist/tex/latex/lm/t1lmr.fd
File: t1lmr.fd 2015/05/01 v1.6.1 Font defs for Latin Modern
))
(b:/ProgrammingLanguages/texlive/2024/texmf-dist/tex/latex/base/inputenc.sty
Package: inputenc 2024/02/08 v1.3d Input encoding file
\inpenc@prehook=\toks18
\inpenc@posthook=\toks19
)
(b:/ProgrammingLanguages/texlive/2024/texmf-dist/tex/generic/babel/babel.sty
Package: babel 2024/11/08 v24.13 The multilingual framework for pdfLaTeX, LuaLa
TeX and XeLaTeX
\babel@savecnt=\count272
\U@D=\dimen142
\l@unhyphenated=\language89

(b:/ProgrammingLanguages/texlive/2024/texmf-dist/tex/generic/babel/txtbabel.def
)
\bbl@readstream=\read2
\bbl@dirlevel=\count273

(b:/ProgrammingLanguages/texlive/2024/texmf-dist/tex/generic/babel-french/frenc
h.ldf
Language: french 2024-07-25 v3.6c French support from the babel system
Package babel Info: Hyphen rules for 'acadian' set to \l@french
(babel)             (\language31). Reported on input line 91.
Package babel Info: Hyphen rules for 'canadien' set to \l@french
(babel)             (\language31). Reported on input line 92.
\FB@stdchar=\count274
Package babel Info: Making : an active character on input line 421.
Package babel Info: Making ; an active character on input line 422.
Package babel Info: Making ! an active character on input line 423.
Package babel Info: Making ? an active character on input line 424.
\FBguill@level=\count275
\FBold@everypar=\toks20
\FB@Mht=\dimen143
\mc@charclass=\count276
\mc@charfam=\count277
\mc@charslot=\count278
\std@mcc=\count279
\dec@mcc=\count280
\FB@parskip=\dimen144
\listindentFB=\dimen145
\descindentFB=\dimen146
\labelindentFB=\dimen147
\labelwidthFB=\dimen148
\leftmarginFB=\dimen149
\parindentFFN=\dimen150
\FBfnindent=\dimen151
))
(b:/ProgrammingLanguages/texlive/2024/texmf-dist/tex/generic/babel/locale/fr/ba
bel-french.tex
Package babel Info: Importing font and identification data for french
(babel)             from babel-fr.ini. Reported on input line 11.
)
(b:/ProgrammingLanguages/texlive/2024/texmf-dist/tex/latex/carlisle/scalefnt.st
y)
(b:/ProgrammingLanguages/texlive/2024/texmf-dist/tex/latex/koma-script/scrlayer
-scrpage.sty
Package: scrlayer-scrpage 2024/10/24 v3.43 KOMA-Script package (end user interf
ace for scrlayer)

(b:/ProgrammingLanguages/texlive/2024/texmf-dist/tex/latex/koma-script/scrlayer
.sty
Package: scrlayer 2024/10/24 v3.43 KOMA-Script package (defining layers and pag
e styles)
Package scrlayer Info: patching LaTeX kernel macro \pagestyle on input line 218
2.
)
Package scrlayer-scrpage Info: Makeing stand-alone element `pagehead' from
(scrlayer-scrpage)             alias to `pageheadfoot' on input line 1106.
)
(b:/ProgrammingLanguages/texlive/2024/texmf-dist/tex/latex/amscls/amsthm.sty
Package: amsthm 2020/05/29 v2.20.6
\thm@style=\toks21
\thm@bodyfont=\toks22
\thm@headfont=\toks23
\thm@notefont=\toks24
\thm@headpunct=\toks25
\thm@preskip=\skip66
\thm@postskip=\skip67
\thm@headsep=\skip68
\dth@everypar=\toks26
)
(b:/ProgrammingLanguages/texlive/2024/texmf-dist/tex/latex/xpatch/xpatch.sty
(b:/ProgrammingLanguages/texlive/2024/texmf-dist/tex/latex/l3kernel/expl3.sty
Package: expl3 2024-11-02 L3 programming layer (loader) 

(b:/ProgrammingLanguages/texlive/2024/texmf-dist/tex/latex/l3backend/l3backend-
pdftex.def
File: l3backend-pdftex.def 2024-05-08 L3 backend support: PDF output (pdfTeX)
\l__color_backend_stack_int=\count281
\l__pdf_internal_box=\box54
))
Package: xpatch 2020/03/25 v0.3a Extending etoolbox patching commands

(b:/ProgrammingLanguages/texlive/2024/texmf-dist/tex/latex/l3packages/xparse/xp
arse.sty
Package: xparse 2024-08-16 L3 Experimental document command parser
)
(b:/ProgrammingLanguages/texlive/2024/texmf-dist/tex/latex/etoolbox/etoolbox.st
y
Package: etoolbox 2020/10/05 v2.5k e-TeX tools for LaTeX (JAW)
\etb@tempcnta=\count282
))
Class scrbook Info: amsthm's \deferred@thm@head patched.

(b:/ProgrammingLanguages/texlive/2024/texmf-dist/tex/latex/amsmath/amsmath.sty
Package: amsmath 2024/11/05 v2.17t AMS math features
\@mathmargin=\skip69

For additional information on amsmath, use the `?' option.
(b:/ProgrammingLanguages/texlive/2024/texmf-dist/tex/latex/amsmath/amstext.sty
Package: amstext 2021/08/26 v2.01 AMS text

(b:/ProgrammingLanguages/texlive/2024/texmf-dist/tex/latex/amsmath/amsgen.sty
File: amsgen.sty 1999/11/30 v2.0 generic functions
\@emptytoks=\toks27
\ex@=\dimen152
)) (b:/ProgrammingLanguages/texlive/2024/texmf-dist/tex/latex/amsmath/amsbsy.st
y
Package: amsbsy 1999/11/29 v1.2d Bold Symbols
\pmbraise@=\dimen153
) (b:/ProgrammingLanguages/texlive/2024/texmf-dist/tex/latex/amsmath/amsopn.sty
Package: amsopn 2022/04/08 v2.04 operator names
)
\inf@bad=\count283
LaTeX Info: Redefining \frac on input line 233.
\uproot@=\count284
\leftroot@=\count285
LaTeX Info: Redefining \overline on input line 398.
LaTeX Info: Redefining \colon on input line 409.
\classnum@=\count286
\DOTSCASE@=\count287
LaTeX Info: Redefining \ldots on input line 495.
LaTeX Info: Redefining \dots on input line 498.
LaTeX Info: Redefining \cdots on input line 619.
\Mathstrutbox@=\box55
\strutbox@=\box56
LaTeX Info: Redefining \big on input line 721.
LaTeX Info: Redefining \Big on input line 722.
LaTeX Info: Redefining \bigg on input line 723.
LaTeX Info: Redefining \Bigg on input line 724.
\big@size=\dimen154
LaTeX Font Info:    Redeclaring font encoding OML on input line 742.
LaTeX Font Info:    Redeclaring font encoding OMS on input line 743.
\macc@depth=\count288
LaTeX Info: Redefining \bmod on input line 904.
LaTeX Info: Redefining \pmod on input line 909.
LaTeX Info: Redefining \smash on input line 939.
LaTeX Info: Redefining \relbar on input line 969.
LaTeX Info: Redefining \Relbar on input line 970.
\c@MaxMatrixCols=\count289
\dotsspace@=\muskip17
\c@parentequation=\count290
\dspbrk@lvl=\count291
\tag@help=\toks28
\row@=\count292
\column@=\count293
\maxfields@=\count294
\andhelp@=\toks29
\eqnshift@=\dimen155
\alignsep@=\dimen156
\tagshift@=\dimen157
\tagwidth@=\dimen158
\totwidth@=\dimen159
\lineht@=\dimen160
\@envbody=\toks30
\multlinegap=\skip70
\multlinetaggap=\skip71
\mathdisplay@stack=\toks31
LaTeX Info: Redefining \[ on input line 2953.
LaTeX Info: Redefining \] on input line 2954.
)
(b:/ProgrammingLanguages/texlive/2024/texmf-dist/tex/latex/amsfonts/amssymb.sty
Package: amssymb 2013/01/14 v3.01 AMS font symbols

(b:/ProgrammingLanguages/texlive/2024/texmf-dist/tex/latex/amsfonts/amsfonts.st
y
Package: amsfonts 2013/01/14 v3.01 Basic AMSFonts support
\symAMSa=\mathgroup4
\symAMSb=\mathgroup5
LaTeX Font Info:    Redeclaring math symbol \hbar on input line 98.
LaTeX Font Info:    Overwriting math alphabet `\mathfrak' in version `bold'
(Font)                  U/euf/m/n --> U/euf/b/n on input line 106.
))
(b:/ProgrammingLanguages/texlive/2024/texmf-dist/tex/latex/base/latexsym.sty
Package: latexsym 1998/08/17 v2.2e Standard LaTeX package (lasy symbols)
\symlasy=\mathgroup6
LaTeX Font Info:    Overwriting symbol font `lasy' in version `bold'
(Font)                  U/lasy/m/n --> U/lasy/b/n on input line 52.
)

Class scrbook Warning: Usage of package `titlesec' together
(scrbook)              with a KOMA-Script class is not recommended.
(scrbook)              I'd suggest to use KOMA-Script features
(scrbook)              like \setkomafont, \RedeclareSectionCommand, \sectionlin
esformat
(scrbook)              and several others to re-configure section
(scrbook)              headings.
(scrbook)              Nevertheless, using requested
(scrbook)              package `titlesec' on input line 15.


(b:/ProgrammingLanguages/texlive/2024/texmf-dist/tex/latex/titlesec/titlesec.st
y
Package: titlesec 2023/10/27 v2.16 Sectioning titles
\ttl@box=\box57
\beforetitleunit=\skip72
\aftertitleunit=\skip73
\ttl@plus=\dimen161
\ttl@minus=\dimen162
\ttl@toksa=\toks32
\titlewidth=\dimen163
\titlewidthlast=\dimen164
\titlewidthfirst=\dimen165


Package titlesec Warning: Non standard sectioning command \section
(titlesec)                detected. Using default spacing and no format.


Package titlesec Warning: Non standard sectioning command \subsection
(titlesec)                detected. Using default spacing and no format.


Package titlesec Warning: Non standard sectioning command \subsubsection
(titlesec)                detected. Using default spacing and no format.


Package titlesec Warning: Non standard sectioning command \paragraph
(titlesec)                detected. Using default spacing and no format.


Package titlesec Warning: Non standard sectioning command \subparagraph
(titlesec)                detected. Using default spacing and no format.

)

Class scrbook Warning: Usage of package `tocloft' together
(scrbook)              with a KOMA-Script class is not recommended.
(scrbook)              I'd suggest to use options like `listof=entryprefix',
(scrbook)              commands like `\listoflofentryname' or
(scrbook)              `\listoflotentryname', and `\DeclareTOCStyleEntry' or
(scrbook)              `\RedeclareSectionCommand' instead of this package,
(scrbook)              because it breaks several KOMA-Script features of
(scrbook)              the list of figures, list of tables and table of
(scrbook)              contents, i.e., options like `listof=numbered',
(scrbook)              `listof=flat or `toc=flat', commands like
(scrbook)              `\BeforeTOCHead{...}' and `\AfterTOCHead{...}',
(scrbook)              `\BeforeStartingTOC{...}' and \AfterStartingTOC{...}',
(scrbook)              all features of `\DeclareTOCStyleEntry',
(scrbook)              and the ToC entry features of `\DeclareSecionCommand'
(scrbook)              and `\RedeclareSectionCommand' of levels
(scrbook)              `part', `section', `subsection',
(scrbook)              `subsubsection', `paragraph' and `subparagraph'.
(scrbook)              Nevertheless, using requested
(scrbook)              package `tocloft' on input line 16.

(b:/ProgrammingLanguages/texlive/2024/texmf-dist/tex/latex/tocloft/tocloft.sty
Package: tocloft 2017/08/31 v2.3i parameterised ToC, etc., typesetting
Package tocloft Info: The document has chapter divisions on input line 51.
\cftparskip=\skip74
\cftbeforetoctitleskip=\skip75
\cftaftertoctitleskip=\skip76
\cftbeforepartskip=\skip77
\cftpartnumwidth=\skip78
\cftpartindent=\skip79
\cftbeforechapskip=\skip80
\cftchapindent=\skip81
\cftchapnumwidth=\skip82
\cftbeforesecskip=\skip83
\cftsecindent=\skip84
\cftsecnumwidth=\skip85
\cftbeforesubsecskip=\skip86
\cftsubsecindent=\skip87
\cftsubsecnumwidth=\skip88
\cftbeforesubsubsecskip=\skip89
\cftsubsubsecindent=\skip90
\cftsubsubsecnumwidth=\skip91
\cftbeforeparaskip=\skip92
\cftparaindent=\skip93
\cftparanumwidth=\skip94
\cftbeforesubparaskip=\skip95
\cftsubparaindent=\skip96
\cftsubparanumwidth=\skip97
\cftbeforeloftitleskip=\skip98
\cftafterloftitleskip=\skip99
\cftbeforefigskip=\skip100
\cftfigindent=\skip101
\cftfignumwidth=\skip102
\c@lofdepth=\count295
\c@lotdepth=\count296
\cftbeforelottitleskip=\skip103
\cftafterlottitleskip=\skip104
\cftbeforetabskip=\skip105
\cfttabindent=\skip106
\cfttabnumwidth=\skip107
) (b:/ProgrammingLanguages/texlive/2024/texmf-dist/tex/latex/graphics/color.sty
Package: color 2024/06/23 v1.3e Standard LaTeX Color (DPC)

(b:/ProgrammingLanguages/texlive/2024/texmf-dist/tex/latex/graphics-cfg/color.c
fg
File: color.cfg 2016/01/02 v1.6 sample color configuration
)
Package color Info: Driver file: pdftex.def on input line 149.

(b:/ProgrammingLanguages/texlive/2024/texmf-dist/tex/latex/graphics-def/pdftex.
def
File: pdftex.def 2024/04/13 v1.2c Graphics/color driver for pdftex
)
(b:/ProgrammingLanguages/texlive/2024/texmf-dist/tex/latex/graphics/mathcolor.l
tx))
(b:/ProgrammingLanguages/texlive/2024/texmf-dist/tex/latex/setspace/setspace.st
y
Package: setspace 2022/12/04 v6.7b set line spacing
) (b:/ProgrammingLanguages/texlive/2024/texmf-dist/tex/latex/framed/framed.sty
Package: framed 2011/10/22 v 0.96: framed or shaded text with page breaks
\OuterFrameSep=\skip108
\fb@frw=\dimen166
\fb@frh=\dimen167
\FrameRule=\dimen168
\FrameSep=\dimen169
)
(b:/ProgrammingLanguages/texlive/2024/texmf-dist/tex/latex/graphics/graphicx.st
y
Package: graphicx 2021/09/16 v1.2d Enhanced LaTeX Graphics (DPC,SPQR)

(b:/ProgrammingLanguages/texlive/2024/texmf-dist/tex/latex/graphics/graphics.st
y
Package: graphics 2024/08/06 v1.4g Standard LaTeX Graphics (DPC,SPQR)
 (b:/ProgrammingLanguages/texlive/2024/texmf-dist/tex/latex/graphics/trig.sty
Package: trig 2023/12/02 v1.11 sin cos tan (DPC)
)
(b:/ProgrammingLanguages/texlive/2024/texmf-dist/tex/latex/graphics-cfg/graphic
s.cfg
File: graphics.cfg 2016/06/04 v1.11 sample graphics configuration
)
Package graphics Info: Driver file: pdftex.def on input line 106.
)
\Gin@req@height=\dimen170
\Gin@req@width=\dimen171
)
(b:/ProgrammingLanguages/texlive/2024/texmf-dist/tex/latex/enumitem/enumitem.st
y
Package: enumitem 2019/06/20 v3.9 Customized lists
\labelindent=\skip109
\enit@outerparindent=\dimen172
\enit@toks=\toks33
\enit@inbox=\box58
\enit@count@id=\count297
\enitdp@description=\count298
)
(b:/ProgrammingLanguages/texlive/2024/texmf-dist/tex/latex/mdwtools/mdwlist.sty
Package: mdwlist 1996/05/02 1.1 Various list-related things
) (b:/ProgrammingLanguages/texlive/2024/texmf-dist/tex/latex/tools/multicol.sty
Package: multicol 2024/09/14 v1.9i multicolumn formatting (FMi)
\c@tracingmulticols=\count299
\mult@box=\box59
\multicol@leftmargin=\dimen173
\c@unbalance=\count300
\c@collectmore=\count301
\doublecol@number=\count302
\multicoltolerance=\count303
\multicolpretolerance=\count304
\full@width=\dimen174
\page@free=\dimen175
\premulticols=\dimen176
\postmulticols=\dimen177
\multicolsep=\skip110
\multicolbaselineskip=\skip111
\partial@page=\box60
\last@line=\box61
\mc@boxedresult=\box62
\maxbalancingoverflow=\dimen178
\mult@rightbox=\box63
\mult@grightbox=\box64
\mult@firstbox=\box65
\mult@gfirstbox=\box66
\@tempa=\box67
\@tempa=\box68
\@tempa=\box69
\@tempa=\box70
\@tempa=\box71
\@tempa=\box72
\@tempa=\box73
\@tempa=\box74
\@tempa=\box75
\@tempa=\box76
\@tempa=\box77
\@tempa=\box78
\@tempa=\box79
\@tempa=\box80
\@tempa=\box81
\@tempa=\box82
\@tempa=\box83
\@tempa=\box84
\@tempa=\box85
\@tempa=\box86
\@tempa=\box87
\@tempa=\box88
\@tempa=\box89
\@tempa=\box90
\@tempa=\box91
\@tempa=\box92
\@tempa=\box93
\@tempa=\box94
\@tempa=\box95
\@tempa=\box96
\@tempa=\box97
\@tempa=\box98
\@tempa=\box99
\@tempa=\box100
\@tempa=\box101
\@tempa=\box102
\c@minrows=\count305
\c@columnbadness=\count306
\c@finalcolumnbadness=\count307
\last@try=\dimen179
\multicolovershoot=\dimen180
\multicolundershoot=\dimen181
\mult@nat@firstbox=\box103
\colbreak@box=\box104
\mc@col@check@num=\count308
) (b:/ProgrammingLanguages/texlive/2024/texmf-dist/tex/latex/lipsum/lipsum.sty
(b:/ProgrammingLanguages/texlive/2024/texmf-dist/tex/latex/l3packages/l3keys2e/
l3keys2e.sty
Package: l3keys2e 2024-08-16 LaTeX2e option processing using LaTeX3 keys
)
Package: lipsum 2021-09-20 v2.7 150 paragraphs of Lorem Ipsum dummy text
\g__lipsum_par_int=\count309
\l__lipsum_a_int=\count310
\l__lipsum_b_int=\count311

(b:/ProgrammingLanguages/texlive/2024/texmf-dist/tex/latex/lipsum/lipsum.ltd.te
x))
(b:/ProgrammingLanguages/texlive/2024/texmf-dist/tex/latex/eurosym/eurosym.sty
Package: eurosym 1998/08/06 v1.1 European currency symbol ``Euro''
\@eurobox=\box105
) (b:/ProgrammingLanguages/texlive/2024/texmf-dist/tex/latex/base/ifthen.sty
Package: ifthen 2024/03/16 v1.1e Standard LaTeX ifthen package (DPC)
)
(b:/ProgrammingLanguages/texlive/2024/texmf-dist/tex/latex/tkz-euclide/tkz-eucl
ide.sty
2024/04/19 5.10c tkz-euclide.sty
Package: tkz-euclide  2024/04/19 5.10c for pure Euclidean Geometry 

(b:/ProgrammingLanguages/texlive/2024/texmf-dist/tex/latex/pgf/frontendlayer/ti
kz.sty
(b:/ProgrammingLanguages/texlive/2024/texmf-dist/tex/latex/pgf/basiclayer/pgf.s
ty
(b:/ProgrammingLanguages/texlive/2024/texmf-dist/tex/latex/pgf/utilities/pgfrcs
.sty
(b:/ProgrammingLanguages/texlive/2024/texmf-dist/tex/generic/pgf/utilities/pgfu
til-common.tex
\pgfutil@everybye=\toks34
\pgfutil@tempdima=\dimen182
\pgfutil@tempdimb=\dimen183
)
(b:/ProgrammingLanguages/texlive/2024/texmf-dist/tex/generic/pgf/utilities/pgfu
til-latex.def
\pgfutil@abb=\box106
)
(b:/ProgrammingLanguages/texlive/2024/texmf-dist/tex/generic/pgf/utilities/pgfr
cs.code.tex
(b:/ProgrammingLanguages/texlive/2024/texmf-dist/tex/generic/pgf/pgf.revision.t
ex)
Package: pgfrcs 2023-01-15 v3.1.10 (3.1.10)
))
Package: pgf 2023-01-15 v3.1.10 (3.1.10)

(b:/ProgrammingLanguages/texlive/2024/texmf-dist/tex/latex/pgf/basiclayer/pgfco
re.sty
(b:/ProgrammingLanguages/texlive/2024/texmf-dist/tex/latex/pgf/systemlayer/pgfs
ys.sty
(b:/ProgrammingLanguages/texlive/2024/texmf-dist/tex/generic/pgf/systemlayer/pg
fsys.code.tex
Package: pgfsys 2023-01-15 v3.1.10 (3.1.10)

(b:/ProgrammingLanguages/texlive/2024/texmf-dist/tex/generic/pgf/utilities/pgfk
eys.code.tex
\pgfkeys@pathtoks=\toks35
\pgfkeys@temptoks=\toks36

(b:/ProgrammingLanguages/texlive/2024/texmf-dist/tex/generic/pgf/utilities/pgfk
eyslibraryfiltered.code.tex
\pgfkeys@tmptoks=\toks37
))
\pgf@x=\dimen184
\pgf@y=\dimen185
\pgf@xa=\dimen186
\pgf@ya=\dimen187
\pgf@xb=\dimen188
\pgf@yb=\dimen189
\pgf@xc=\dimen190
\pgf@yc=\dimen191
\pgf@xd=\dimen192
\pgf@yd=\dimen193
\w@pgf@writea=\write3
\r@pgf@reada=\read3
\c@pgf@counta=\count312
\c@pgf@countb=\count313
\c@pgf@countc=\count314
\c@pgf@countd=\count315
\t@pgf@toka=\toks38
\t@pgf@tokb=\toks39
\t@pgf@tokc=\toks40
\pgf@sys@id@count=\count316

(b:/ProgrammingLanguages/texlive/2024/texmf-dist/tex/generic/pgf/systemlayer/pg
f.cfg
File: pgf.cfg 2023-01-15 v3.1.10 (3.1.10)
)
Driver file for pgf: pgfsys-pdftex.def

(b:/ProgrammingLanguages/texlive/2024/texmf-dist/tex/generic/pgf/systemlayer/pg
fsys-pdftex.def
File: pgfsys-pdftex.def 2023-01-15 v3.1.10 (3.1.10)

(b:/ProgrammingLanguages/texlive/2024/texmf-dist/tex/generic/pgf/systemlayer/pg
fsys-common-pdf.def
File: pgfsys-common-pdf.def 2023-01-15 v3.1.10 (3.1.10)
)))
(b:/ProgrammingLanguages/texlive/2024/texmf-dist/tex/generic/pgf/systemlayer/pg
fsyssoftpath.code.tex
File: pgfsyssoftpath.code.tex 2023-01-15 v3.1.10 (3.1.10)
\pgfsyssoftpath@smallbuffer@items=\count317
\pgfsyssoftpath@bigbuffer@items=\count318
)
(b:/ProgrammingLanguages/texlive/2024/texmf-dist/tex/generic/pgf/systemlayer/pg
fsysprotocol.code.tex
File: pgfsysprotocol.code.tex 2023-01-15 v3.1.10 (3.1.10)
))
(b:/ProgrammingLanguages/texlive/2024/texmf-dist/tex/latex/xcolor/xcolor.sty
Package: xcolor 2024/09/29 v3.02 LaTeX color extensions (UK)

(b:/ProgrammingLanguages/texlive/2024/texmf-dist/tex/latex/graphics-cfg/color.c
fg
File: color.cfg 2016/01/02 v1.6 sample color configuration
)
Package xcolor Info: Driver file: pdftex.def on input line 274.
LaTeX Info: Redefining \color on input line 762.

(b:/ProgrammingLanguages/texlive/2024/texmf-dist/tex/latex/graphics/mathcolor.l
tx)
Package xcolor Info: Model `cmy' substituted by `cmy0' on input line 1349.
Package xcolor Info: Model `hsb' substituted by `rgb' on input line 1353.
Package xcolor Info: Model `RGB' extended on input line 1365.
Package xcolor Info: Model `HTML' substituted by `rgb' on input line 1367.
Package xcolor Info: Model `Hsb' substituted by `hsb' on input line 1368.
Package xcolor Info: Model `tHsb' substituted by `hsb' on input line 1369.
Package xcolor Info: Model `HSB' substituted by `hsb' on input line 1370.
Package xcolor Info: Model `Gray' substituted by `gray' on input line 1371.
Package xcolor Info: Model `wave' substituted by `hsb' on input line 1372.
)
(b:/ProgrammingLanguages/texlive/2024/texmf-dist/tex/generic/pgf/basiclayer/pgf
core.code.tex
Package: pgfcore 2023-01-15 v3.1.10 (3.1.10)

(b:/ProgrammingLanguages/texlive/2024/texmf-dist/tex/generic/pgf/math/pgfmath.c
ode.tex
(b:/ProgrammingLanguages/texlive/2024/texmf-dist/tex/generic/pgf/math/pgfmathut
il.code.tex)
(b:/ProgrammingLanguages/texlive/2024/texmf-dist/tex/generic/pgf/math/pgfmathpa
rser.code.tex
\pgfmath@dimen=\dimen194
\pgfmath@count=\count319
\pgfmath@box=\box107
\pgfmath@toks=\toks41
\pgfmath@stack@operand=\toks42
\pgfmath@stack@operation=\toks43
)
(b:/ProgrammingLanguages/texlive/2024/texmf-dist/tex/generic/pgf/math/pgfmathfu
nctions.code.tex)
(b:/ProgrammingLanguages/texlive/2024/texmf-dist/tex/generic/pgf/math/pgfmathfu
nctions.basic.code.tex)
(b:/ProgrammingLanguages/texlive/2024/texmf-dist/tex/generic/pgf/math/pgfmathfu
nctions.trigonometric.code.tex)
(b:/ProgrammingLanguages/texlive/2024/texmf-dist/tex/generic/pgf/math/pgfmathfu
nctions.random.code.tex)
(b:/ProgrammingLanguages/texlive/2024/texmf-dist/tex/generic/pgf/math/pgfmathfu
nctions.comparison.code.tex)
(b:/ProgrammingLanguages/texlive/2024/texmf-dist/tex/generic/pgf/math/pgfmathfu
nctions.base.code.tex)
(b:/ProgrammingLanguages/texlive/2024/texmf-dist/tex/generic/pgf/math/pgfmathfu
nctions.round.code.tex)
(b:/ProgrammingLanguages/texlive/2024/texmf-dist/tex/generic/pgf/math/pgfmathfu
nctions.misc.code.tex)
(b:/ProgrammingLanguages/texlive/2024/texmf-dist/tex/generic/pgf/math/pgfmathfu
nctions.integerarithmetics.code.tex)
(b:/ProgrammingLanguages/texlive/2024/texmf-dist/tex/generic/pgf/math/pgfmathca
lc.code.tex)
(b:/ProgrammingLanguages/texlive/2024/texmf-dist/tex/generic/pgf/math/pgfmathfl
oat.code.tex
\c@pgfmathroundto@lastzeros=\count320
))
(b:/ProgrammingLanguages/texlive/2024/texmf-dist/tex/generic/pgf/math/pgfint.co
de.tex)
(b:/ProgrammingLanguages/texlive/2024/texmf-dist/tex/generic/pgf/basiclayer/pgf
corepoints.code.tex
File: pgfcorepoints.code.tex 2023-01-15 v3.1.10 (3.1.10)
\pgf@picminx=\dimen195
\pgf@picmaxx=\dimen196
\pgf@picminy=\dimen197
\pgf@picmaxy=\dimen198
\pgf@pathminx=\dimen199
\pgf@pathmaxx=\dimen256
\pgf@pathminy=\dimen257
\pgf@pathmaxy=\dimen258
\pgf@xx=\dimen259
\pgf@xy=\dimen260
\pgf@yx=\dimen261
\pgf@yy=\dimen262
\pgf@zx=\dimen263
\pgf@zy=\dimen264
)
(b:/ProgrammingLanguages/texlive/2024/texmf-dist/tex/generic/pgf/basiclayer/pgf
corepathconstruct.code.tex
File: pgfcorepathconstruct.code.tex 2023-01-15 v3.1.10 (3.1.10)
\pgf@path@lastx=\dimen265
\pgf@path@lasty=\dimen266
)
(b:/ProgrammingLanguages/texlive/2024/texmf-dist/tex/generic/pgf/basiclayer/pgf
corepathusage.code.tex
File: pgfcorepathusage.code.tex 2023-01-15 v3.1.10 (3.1.10)
\pgf@shorten@end@additional=\dimen267
\pgf@shorten@start@additional=\dimen268
)
(b:/ProgrammingLanguages/texlive/2024/texmf-dist/tex/generic/pgf/basiclayer/pgf
corescopes.code.tex
File: pgfcorescopes.code.tex 2023-01-15 v3.1.10 (3.1.10)
\pgfpic=\box108
\pgf@hbox=\box109
\pgf@layerbox@main=\box110
\pgf@picture@serial@count=\count321
)
(b:/ProgrammingLanguages/texlive/2024/texmf-dist/tex/generic/pgf/basiclayer/pgf
coregraphicstate.code.tex
File: pgfcoregraphicstate.code.tex 2023-01-15 v3.1.10 (3.1.10)
\pgflinewidth=\dimen269
)
(b:/ProgrammingLanguages/texlive/2024/texmf-dist/tex/generic/pgf/basiclayer/pgf
coretransformations.code.tex
File: pgfcoretransformations.code.tex 2023-01-15 v3.1.10 (3.1.10)
\pgf@pt@x=\dimen270
\pgf@pt@y=\dimen271
\pgf@pt@temp=\dimen272
)
(b:/ProgrammingLanguages/texlive/2024/texmf-dist/tex/generic/pgf/basiclayer/pgf
corequick.code.tex
File: pgfcorequick.code.tex 2023-01-15 v3.1.10 (3.1.10)
)
(b:/ProgrammingLanguages/texlive/2024/texmf-dist/tex/generic/pgf/basiclayer/pgf
coreobjects.code.tex
File: pgfcoreobjects.code.tex 2023-01-15 v3.1.10 (3.1.10)
)
(b:/ProgrammingLanguages/texlive/2024/texmf-dist/tex/generic/pgf/basiclayer/pgf
corepathprocessing.code.tex
File: pgfcorepathprocessing.code.tex 2023-01-15 v3.1.10 (3.1.10)
)
(b:/ProgrammingLanguages/texlive/2024/texmf-dist/tex/generic/pgf/basiclayer/pgf
corearrows.code.tex
File: pgfcorearrows.code.tex 2023-01-15 v3.1.10 (3.1.10)
\pgfarrowsep=\dimen273
)
(b:/ProgrammingLanguages/texlive/2024/texmf-dist/tex/generic/pgf/basiclayer/pgf
coreshade.code.tex
File: pgfcoreshade.code.tex 2023-01-15 v3.1.10 (3.1.10)
\pgf@max=\dimen274
\pgf@sys@shading@range@num=\count322
\pgf@shadingcount=\count323
)
(b:/ProgrammingLanguages/texlive/2024/texmf-dist/tex/generic/pgf/basiclayer/pgf
coreimage.code.tex
File: pgfcoreimage.code.tex 2023-01-15 v3.1.10 (3.1.10)
)
(b:/ProgrammingLanguages/texlive/2024/texmf-dist/tex/generic/pgf/basiclayer/pgf
coreexternal.code.tex
File: pgfcoreexternal.code.tex 2023-01-15 v3.1.10 (3.1.10)
\pgfexternal@startupbox=\box111
)
(b:/ProgrammingLanguages/texlive/2024/texmf-dist/tex/generic/pgf/basiclayer/pgf
corelayers.code.tex
File: pgfcorelayers.code.tex 2023-01-15 v3.1.10 (3.1.10)
)
(b:/ProgrammingLanguages/texlive/2024/texmf-dist/tex/generic/pgf/basiclayer/pgf
coretransparency.code.tex
File: pgfcoretransparency.code.tex 2023-01-15 v3.1.10 (3.1.10)
)
(b:/ProgrammingLanguages/texlive/2024/texmf-dist/tex/generic/pgf/basiclayer/pgf
corepatterns.code.tex
File: pgfcorepatterns.code.tex 2023-01-15 v3.1.10 (3.1.10)
)
(b:/ProgrammingLanguages/texlive/2024/texmf-dist/tex/generic/pgf/basiclayer/pgf
corerdf.code.tex
File: pgfcorerdf.code.tex 2023-01-15 v3.1.10 (3.1.10)
)))
(b:/ProgrammingLanguages/texlive/2024/texmf-dist/tex/generic/pgf/modules/pgfmod
uleshapes.code.tex
File: pgfmoduleshapes.code.tex 2023-01-15 v3.1.10 (3.1.10)
\pgfnodeparttextbox=\box112
)
(b:/ProgrammingLanguages/texlive/2024/texmf-dist/tex/generic/pgf/modules/pgfmod
uleplot.code.tex
File: pgfmoduleplot.code.tex 2023-01-15 v3.1.10 (3.1.10)
)
(b:/ProgrammingLanguages/texlive/2024/texmf-dist/tex/latex/pgf/compatibility/pg
fcomp-version-0-65.sty
Package: pgfcomp-version-0-65 2023-01-15 v3.1.10 (3.1.10)
\pgf@nodesepstart=\dimen275
\pgf@nodesepend=\dimen276
)
(b:/ProgrammingLanguages/texlive/2024/texmf-dist/tex/latex/pgf/compatibility/pg
fcomp-version-1-18.sty
Package: pgfcomp-version-1-18 2023-01-15 v3.1.10 (3.1.10)
))
(b:/ProgrammingLanguages/texlive/2024/texmf-dist/tex/latex/pgf/utilities/pgffor
.sty
(b:/ProgrammingLanguages/texlive/2024/texmf-dist/tex/latex/pgf/utilities/pgfkey
s.sty
(b:/ProgrammingLanguages/texlive/2024/texmf-dist/tex/generic/pgf/utilities/pgfk
eys.code.tex))
(b:/ProgrammingLanguages/texlive/2024/texmf-dist/tex/latex/pgf/math/pgfmath.sty

(b:/ProgrammingLanguages/texlive/2024/texmf-dist/tex/generic/pgf/math/pgfmath.c
ode.tex))
(b:/ProgrammingLanguages/texlive/2024/texmf-dist/tex/generic/pgf/utilities/pgff
or.code.tex
Package: pgffor 2023-01-15 v3.1.10 (3.1.10)
\pgffor@iter=\dimen277
\pgffor@skip=\dimen278
\pgffor@stack=\toks44
\pgffor@toks=\toks45
))
(b:/ProgrammingLanguages/texlive/2024/texmf-dist/tex/generic/pgf/frontendlayer/
tikz/tikz.code.tex
Package: tikz 2023-01-15 v3.1.10 (3.1.10)

(b:/ProgrammingLanguages/texlive/2024/texmf-dist/tex/generic/pgf/libraries/pgfl
ibraryplothandlers.code.tex
File: pgflibraryplothandlers.code.tex 2023-01-15 v3.1.10 (3.1.10)
\pgf@plot@mark@count=\count324
\pgfplotmarksize=\dimen279
)
\tikz@lastx=\dimen280
\tikz@lasty=\dimen281
\tikz@lastxsaved=\dimen282
\tikz@lastysaved=\dimen283
\tikz@lastmovetox=\dimen284
\tikz@lastmovetoy=\dimen285
\tikzleveldistance=\dimen286
\tikzsiblingdistance=\dimen287
\tikz@figbox=\box113
\tikz@figbox@bg=\box114
\tikz@tempbox=\box115
\tikz@tempbox@bg=\box116
\tikztreelevel=\count325
\tikznumberofchildren=\count326
\tikznumberofcurrentchild=\count327
\tikz@fig@count=\count328

(b:/ProgrammingLanguages/texlive/2024/texmf-dist/tex/generic/pgf/modules/pgfmod
ulematrix.code.tex
File: pgfmodulematrix.code.tex 2023-01-15 v3.1.10 (3.1.10)
\pgfmatrixcurrentrow=\count329
\pgfmatrixcurrentcolumn=\count330
\pgf@matrix@numberofcolumns=\count331
)
\tikz@expandcount=\count332

(b:/ProgrammingLanguages/texlive/2024/texmf-dist/tex/generic/pgf/frontendlayer/
tikz/libraries/tikzlibrarytopaths.code.tex
File: tikzlibrarytopaths.code.tex 2023-01-15 v3.1.10 (3.1.10)
)))
(b:/ProgrammingLanguages/texlive/2024/texmf-dist/tex/generic/pgf/frontendlayer/
tikz/libraries/tikzlibraryangles.code.tex
File: tikzlibraryangles.code.tex 2023-01-15 v3.1.10 (3.1.10)
)
(b:/ProgrammingLanguages/texlive/2024/texmf-dist/tex/generic/pgf/frontendlayer/
tikz/libraries/tikzlibraryarrows.code.tex
File: tikzlibraryarrows.code.tex 2023-01-15 v3.1.10 (3.1.10)

(b:/ProgrammingLanguages/texlive/2024/texmf-dist/tex/generic/pgf/libraries/pgfl
ibraryarrows.code.tex
File: pgflibraryarrows.code.tex 2023-01-15 v3.1.10 (3.1.10)
\arrowsize=\dimen288
))
(b:/ProgrammingLanguages/texlive/2024/texmf-dist/tex/generic/pgf/libraries/pgfl
ibraryarrows.meta.code.tex
File: pgflibraryarrows.meta.code.tex 2023-01-15 v3.1.10 (3.1.10)
\pgfarrowinset=\dimen289
\pgfarrowlength=\dimen290
\pgfarrowwidth=\dimen291
\pgfarrowlinewidth=\dimen292
)
(b:/ProgrammingLanguages/texlive/2024/texmf-dist/tex/generic/pgf/frontendlayer/
tikz/libraries/tikzlibrarybackgrounds.code.tex
File: tikzlibrarybackgrounds.code.tex 2023-01-15 v3.1.10 (3.1.10)
\pgf@layerbox@background=\box117
\pgf@layerboxsaved@background=\box118
)
(b:/ProgrammingLanguages/texlive/2024/texmf-dist/tex/generic/pgf/frontendlayer/
tikz/libraries/tikzlibrarycalc.code.tex
File: tikzlibrarycalc.code.tex 2023-01-15 v3.1.10 (3.1.10)
)
(b:/ProgrammingLanguages/texlive/2024/texmf-dist/tex/generic/pgf/frontendlayer/
tikz/libraries/tikzlibrarydecorations.code.tex
(b:/ProgrammingLanguages/texlive/2024/texmf-dist/tex/generic/pgf/modules/pgfmod
uledecorations.code.tex
\pgfdecoratedcompleteddistance=\dimen293
\pgfdecoratedremainingdistance=\dimen294
\pgfdecoratedinputsegmentcompleteddistance=\dimen295
\pgfdecoratedinputsegmentremainingdistance=\dimen296
\pgf@decorate@distancetomove=\dimen297
\pgf@decorate@repeatstate=\count333
\pgfdecorationsegmentamplitude=\dimen298
\pgfdecorationsegmentlength=\dimen299
)
\tikz@lib@dec@box=\box119
)
(b:/ProgrammingLanguages/texlive/2024/texmf-dist/tex/generic/pgf/frontendlayer/
tikz/libraries/tikzlibrarydecorations.markings.code.tex
(b:/ProgrammingLanguages/texlive/2024/texmf-dist/tex/generic/pgf/libraries/deco
rations/pgflibrarydecorations.markings.code.tex))
(b:/ProgrammingLanguages/texlive/2024/texmf-dist/tex/generic/pgf/frontendlayer/
tikz/libraries/tikzlibrarydecorations.pathreplacing.code.tex
(b:/ProgrammingLanguages/texlive/2024/texmf-dist/tex/generic/pgf/libraries/deco
rations/pgflibrarydecorations.pathreplacing.code.tex))
(b:/ProgrammingLanguages/texlive/2024/texmf-dist/tex/generic/pgf/frontendlayer/
tikz/libraries/tikzlibrarydecorations.shapes.code.tex
(b:/ProgrammingLanguages/texlive/2024/texmf-dist/tex/generic/pgf/libraries/deco
rations/pgflibrarydecorations.shapes.code.tex))
(b:/ProgrammingLanguages/texlive/2024/texmf-dist/tex/generic/pgf/frontendlayer/
tikz/libraries/tikzlibrarydecorations.text.code.tex
(b:/ProgrammingLanguages/texlive/2024/texmf-dist/tex/generic/pgf/libraries/deco
rations/pgflibrarydecorations.text.code.tex
\pgf@lib@dec@text@box=\box120
)
\tikz@lib@dec@te@box=\box121
)
(b:/ProgrammingLanguages/texlive/2024/texmf-dist/tex/generic/pgf/frontendlayer/
tikz/libraries/tikzlibrarydecorations.pathmorphing.code.tex
(b:/ProgrammingLanguages/texlive/2024/texmf-dist/tex/generic/pgf/libraries/deco
rations/pgflibrarydecorations.pathmorphing.code.tex))
(b:/ProgrammingLanguages/texlive/2024/texmf-dist/tex/generic/pgf/frontendlayer/
tikz/libraries/tikzlibraryintersections.code.tex
(b:/ProgrammingLanguages/texlive/2024/texmf-dist/tex/generic/pgf/libraries/pgfl
ibraryintersections.code.tex
(b:/ProgrammingLanguages/texlive/2024/texmf-dist/tex/generic/pgf/libraries/pgfl
ibraryfpu.code.tex)
\pgf@intersect@solutions=\count334
))
(b:/ProgrammingLanguages/texlive/2024/texmf-dist/tex/generic/pgf/frontendlayer/
tikz/libraries/tikzlibrarymath.code.tex
(b:/ProgrammingLanguages/texlive/2024/texmf-dist/tex/generic/pgf/frontendlayer/
tikz/libraries/tikzlibraryfpu.code.tex)
\tikz@math@for@depth=\count335
\tikz@math@dimen=\dimen300
\tikz@math@toks=\toks46
)
(b:/ProgrammingLanguages/texlive/2024/texmf-dist/tex/generic/pgf/frontendlayer/
tikz/libraries/tikzlibraryplotmarks.code.tex
File: tikzlibraryplotmarks.code.tex 2023-01-15 v3.1.10 (3.1.10)

(b:/ProgrammingLanguages/texlive/2024/texmf-dist/tex/generic/pgf/libraries/pgfl
ibraryplotmarks.code.tex
File: pgflibraryplotmarks.code.tex 2023-01-15 v3.1.10 (3.1.10)
))
(b:/ProgrammingLanguages/texlive/2024/texmf-dist/tex/generic/pgf/frontendlayer/
tikz/libraries/tikzlibrarypositioning.code.tex
File: tikzlibrarypositioning.code.tex 2023-01-15 v3.1.10 (3.1.10)
)
(b:/ProgrammingLanguages/texlive/2024/texmf-dist/tex/generic/pgf/frontendlayer/
tikz/libraries/tikzlibraryquotes.code.tex
File: tikzlibraryquotes.code.tex 2023-01-15 v3.1.10 (3.1.10)
)
(b:/ProgrammingLanguages/texlive/2024/texmf-dist/tex/generic/pgf/frontendlayer/
tikz/libraries/tikzlibraryshapes.misc.code.tex
File: tikzlibraryshapes.misc.code.tex 2023-01-15 v3.1.10 (3.1.10)

(b:/ProgrammingLanguages/texlive/2024/texmf-dist/tex/generic/pgf/libraries/shap
es/pgflibraryshapes.misc.code.tex
File: pgflibraryshapes.misc.code.tex 2023-01-15 v3.1.10 (3.1.10)
))
(b:/ProgrammingLanguages/texlive/2024/texmf-dist/tex/generic/pgf/frontendlayer/
tikz/libraries/tikzlibrarythrough.code.tex
File: tikzlibrarythrough.code.tex 2023-01-15 v3.1.10 (3.1.10)
)
(b:/ProgrammingLanguages/texlive/2024/texmf-dist/tex/latex/l3packages/xfp/xfp.s
ty
Package: xfp 2024-08-16 L3 Floating point unit
)
\tkzRadius=\dimen301
\tkzLength=\dimen302
\tkz@radi=\dimen303
\tkz@ax=\dimen304
\tkz@ay=\dimen305
\tkz@bx=\dimen306
\tkz@by=\dimen307
\tkz@cx=\dimen308
\tkz@cy=\dimen309
\tkz@dx=\dimen310
\tkz@dy=\dimen311
\tkz@cntmk=\count336

Local configuration file tkz-euclide.cfg found and used

(b:/ProgrammingLanguages/texlive/2024/texmf-dist/tex/latex/tkz-euclide/tkz-eucl
ide.cfg
2024/04/19 5.10c tkz-euclide.cfg
)
(b:/ProgrammingLanguages/texlive/2024/texmf-dist/tex/latex/tkz-euclide/tkz-tool
s-eu-base.tex
2024/04/19 5.10c tkz-tools-eu-base.tex
)
(b:/ProgrammingLanguages/texlive/2024/texmf-dist/tex/latex/tkz-euclide/tkz-tool
s-eu-utilities.tex
2024/04/19 5.10c tkz-tools-eu-utilities.tex
)
(b:/ProgrammingLanguages/texlive/2024/texmf-dist/tex/latex/tkz-euclide/tkz-tool
s-eu-BB.tex
2024/04/19 5.10c tkz-obj-eu-BB.tex
)
(b:/ProgrammingLanguages/texlive/2024/texmf-dist/tex/latex/tkz-euclide/tkz-obj-
eu-grids.tex
2024/04/19 5.10c tkz-obj-eu-grids.tex
)
(b:/ProgrammingLanguages/texlive/2024/texmf-dist/tex/latex/tkz-euclide/tkz-lib-
eu-marks.tex
2024/04/19 5.10c tkz-lib-eu-marks.tex
)
(b:/ProgrammingLanguages/texlive/2024/texmf-dist/tex/latex/tkz-euclide/tkz-tool
s-eu-text.tex
2024/04/19 5.10c tkz-tools-eu-text.tex
)
(b:/ProgrammingLanguages/texlive/2024/texmf-dist/tex/latex/tkz-euclide/tkz-lib-
eu-shape.tex
2024/04/19 5.10c tkz-lib-eu-shape.tex
)
(b:/ProgrammingLanguages/texlive/2024/texmf-dist/tex/latex/tkz-euclide/tkz-obj-
eu-axesmin.tex
2024/04/19 5.10c tkz-obj-eu-axesmin
)
(b:/ProgrammingLanguages/texlive/2024/texmf-dist/tex/latex/tkz-euclide/tkz-tool
s-eu-colors.tex
2024/04/19 5.10c tkz-tools-eu-colors
)
(b:/ProgrammingLanguages/texlive/2024/texmf-dist/tex/latex/tkz-euclide/tkz-obj-
eu-points.tex
2024/04/19 5.10c tkz-obj-eu-points.tex
)
(b:/ProgrammingLanguages/texlive/2024/texmf-dist/tex/latex/tkz-euclide/tkz-draw
-eu-points.tex
2024/04/19 5.10c tkz-draw-eu-points.tex
)
(b:/ProgrammingLanguages/texlive/2024/texmf-dist/tex/latex/tkz-euclide/tkz-obj-
eu-points.tex
2024/04/19 5.10c tkz-obj-eu-points.tex
)
(b:/ProgrammingLanguages/texlive/2024/texmf-dist/tex/latex/tkz-euclide/tkz-obj-
eu-points-by.tex
2024/04/19 5.10c tkz-tools-eu-points-by.tex
)
(b:/ProgrammingLanguages/texlive/2024/texmf-dist/tex/latex/tkz-euclide/tkz-tool
s-eu-math.tex
2024/04/19 5.10c tkz-tools-eu-math.tex
)
(b:/ProgrammingLanguages/texlive/2024/texmf-dist/tex/latex/tkz-euclide/tkz-tool
s-eu-intersections.tex
2024/04/19 5.10c tkz-tools-eu-intersections.tex
)
(b:/ProgrammingLanguages/texlive/2024/texmf-dist/tex/latex/tkz-euclide/tkz-obj-
eu-points-with.tex
2024/04/19 5.10c tkz-obj-eu-points-with.tex
)
(b:/ProgrammingLanguages/texlive/2024/texmf-dist/tex/latex/tkz-euclide/tkz-obj-
eu-points-spc.tex
2024/04/19 5.10c tkz-obj-el-points.tex
)
(b:/ProgrammingLanguages/texlive/2024/texmf-dist/tex/latex/tkz-euclide/tkz-tool
s-eu-angles.tex
2024/04/19 5.10c tkz-tools-eu-angles.tex
)
(b:/ProgrammingLanguages/texlive/2024/texmf-dist/tex/latex/tkz-euclide/tkz-obj-
eu-circles.tex
2024/04/19 5.10c tkz-obj-eu-circles.tex
)
(b:/ProgrammingLanguages/texlive/2024/texmf-dist/tex/latex/tkz-euclide/tkz-obj-
eu-circles-by.tex
2024/04/19 5.10c tkz-obj-eu-circles.tex
)
(b:/ProgrammingLanguages/texlive/2024/texmf-dist/tex/latex/tkz-euclide/tkz-obj-
eu-points-rnd.tex
2024/04/19 5.10c tkz-obj-eu-points-rnd.tex
)
(b:/ProgrammingLanguages/texlive/2024/texmf-dist/tex/latex/tkz-euclide/tkz-obj-
eu-lines.tex
2024/04/19 5.10c tkz-obj-eu-lines.tex
)
(b:/ProgrammingLanguages/texlive/2024/texmf-dist/tex/latex/tkz-euclide/tkz-obj-
eu-polygons.tex
2024/04/19 5.10c tkz-obj-eu-polygons.tex
)
(b:/ProgrammingLanguages/texlive/2024/texmf-dist/tex/latex/tkz-euclide/tkz-obj-
eu-triangles.tex
2024/04/19 5.10c tkz-obj-eu-triangles.tex
)
(b:/ProgrammingLanguages/texlive/2024/texmf-dist/tex/latex/tkz-euclide/tkz-draw
-eu-lines.tex
2024/04/19 5.10c tkz-obj-eu-draw-lines.tex
)
(b:/ProgrammingLanguages/texlive/2024/texmf-dist/tex/latex/tkz-euclide/tkz-draw
-eu-circles.tex
2024/04/19 5.10c tkz-obj-eu-draw-circles.tex
)
(b:/ProgrammingLanguages/texlive/2024/texmf-dist/tex/latex/tkz-euclide/tkz-draw
-eu-ellipses.tex
2024/04/19 5.10c tkz-obj-eu-draw-ellipses.tex
)
(b:/ProgrammingLanguages/texlive/2024/texmf-dist/tex/latex/tkz-euclide/tkz-draw
-eu-polygons.tex
2024/04/19 5.10c tkz-obj-eu-polygons.tex
)
(b:/ProgrammingLanguages/texlive/2024/texmf-dist/tex/latex/tkz-euclide/tkz-draw
-eu-arcs.tex
2024/04/19 5.10c tkz-tool-eu-arcs.tex
)
(b:/ProgrammingLanguages/texlive/2024/texmf-dist/tex/latex/tkz-euclide/tkz-draw
-eu-angles.tex
2024/04/19 5.10c tkz-tool-eu-angles.tex
)
(b:/ProgrammingLanguages/texlive/2024/texmf-dist/tex/latex/tkz-euclide/tkz-draw
-eu-sectors.tex
2024/04/19 5.10c tkz-obj-eu-sectors.tex
)
(b:/ProgrammingLanguages/texlive/2024/texmf-dist/tex/latex/tkz-euclide/tkz-draw
-eu-compass.tex
2024/04/19 5.10c tkz-obj-eu-compass.tex
)
(b:/ProgrammingLanguages/texlive/2024/texmf-dist/tex/latex/tkz-euclide/tkz-draw
-eu-show.tex
2024/04/19 5.10c tkz-obj-eu-show.tex
)
(b:/ProgrammingLanguages/texlive/2024/texmf-dist/tex/latex/tkz-euclide/tkz-draw
-eu-protractor.tex
2024/04/19 5.10c tkz-obj-eu-protractor.tex
))
(b:/ProgrammingLanguages/texlive/2024/texmf-dist/tex/latex/tools/tabularx.sty
Package: tabularx 2023/12/11 v2.12a `tabularx' package (DPC)

(b:/ProgrammingLanguages/texlive/2024/texmf-dist/tex/latex/tools/array.sty
Package: array 2024/10/17 v2.6g Tabular extension package (FMi)
\col@sep=\dimen312
\ar@mcellbox=\box122
\extrarowheight=\dimen313
\NC@list=\toks47
\extratabsurround=\skip112
\backup@length=\skip113
\ar@cellbox=\box123
)
\TX@col@width=\dimen314
\TX@old@table=\dimen315
\TX@old@col=\dimen316
\TX@target=\dimen317
\TX@delta=\dimen318
\TX@cols=\count337
\TX@ftn=\toks48
)
(b:/ProgrammingLanguages/texlive/2024/texmf-dist/tex/latex/hyperref/hyperref.st
y
Package: hyperref 2024-11-05 v7.01l Hypertext links for LaTeX
 (b:/ProgrammingLanguages/texlive/2024/texmf-dist/tex/generic/iftex/iftex.sty
Package: iftex 2022/02/03 v1.0f TeX engine tests
)
(b:/ProgrammingLanguages/texlive/2024/texmf-dist/tex/latex/kvsetkeys/kvsetkeys.
sty
Package: kvsetkeys 2022-10-05 v1.19 Key value parser (HO)
)
(b:/ProgrammingLanguages/texlive/2024/texmf-dist/tex/generic/kvdefinekeys/kvdef
inekeys.sty
Package: kvdefinekeys 2019-12-19 v1.6 Define keys (HO)
)
(b:/ProgrammingLanguages/texlive/2024/texmf-dist/tex/generic/pdfescape/pdfescap
e.sty
Package: pdfescape 2019/12/09 v1.15 Implements pdfTeX's escape features (HO)

(b:/ProgrammingLanguages/texlive/2024/texmf-dist/tex/generic/ltxcmds/ltxcmds.st
y
Package: ltxcmds 2023-12-04 v1.26 LaTeX kernel commands for general use (HO)
)
(b:/ProgrammingLanguages/texlive/2024/texmf-dist/tex/generic/pdftexcmds/pdftexc
mds.sty
Package: pdftexcmds 2020-06-27 v0.33 Utility functions of pdfTeX for LuaTeX (HO
)

(b:/ProgrammingLanguages/texlive/2024/texmf-dist/tex/generic/infwarerr/infwarer
r.sty
Package: infwarerr 2019/12/03 v1.5 Providing info/warning/error messages (HO)
)
Package pdftexcmds Info: \pdf@primitive is available.
Package pdftexcmds Info: \pdf@ifprimitive is available.
Package pdftexcmds Info: \pdfdraftmode found.
))
(b:/ProgrammingLanguages/texlive/2024/texmf-dist/tex/latex/hycolor/hycolor.sty
Package: hycolor 2020-01-27 v1.10 Color options for hyperref/bookmark (HO)
)
(b:/ProgrammingLanguages/texlive/2024/texmf-dist/tex/latex/hyperref/nameref.sty
Package: nameref 2023-11-26 v2.56 Cross-referencing by name of section

(b:/ProgrammingLanguages/texlive/2024/texmf-dist/tex/latex/refcount/refcount.st
y
Package: refcount 2019/12/15 v3.6 Data extraction from label references (HO)
)
(b:/ProgrammingLanguages/texlive/2024/texmf-dist/tex/generic/gettitlestring/get
titlestring.sty
Package: gettitlestring 2019/12/15 v1.6 Cleanup title references (HO)

(b:/ProgrammingLanguages/texlive/2024/texmf-dist/tex/latex/kvoptions/kvoptions.
sty
Package: kvoptions 2022-06-15 v3.15 Key value format for package options (HO)
))
\c@section@level=\count338
)
(b:/ProgrammingLanguages/texlive/2024/texmf-dist/tex/generic/stringenc/stringen
c.sty
Package: stringenc 2019/11/29 v1.12 Convert strings between diff. encodings (HO
)
)
\@linkdim=\dimen319
\Hy@linkcounter=\count339
\Hy@pagecounter=\count340

(b:/ProgrammingLanguages/texlive/2024/texmf-dist/tex/latex/hyperref/pd1enc.def
File: pd1enc.def 2024-11-05 v7.01l Hyperref: PDFDocEncoding definition (HO)
Now handling font encoding PD1 ...
... no UTF-8 mapping file for font encoding PD1
)
(b:/ProgrammingLanguages/texlive/2024/texmf-dist/tex/generic/intcalc/intcalc.st
y
Package: intcalc 2019/12/15 v1.3 Expandable calculations with integers (HO)
)
\Hy@SavedSpaceFactor=\count341

(b:/ProgrammingLanguages/texlive/2024/texmf-dist/tex/latex/hyperref/puenc.def
File: puenc.def 2024-11-05 v7.01l Hyperref: PDF Unicode definition (HO)
Now handling font encoding PU ...
... no UTF-8 mapping file for font encoding PU
)
Package hyperref Info: Hyper figures OFF on input line 4157.
Package hyperref Info: Link nesting OFF on input line 4162.
Package hyperref Info: Hyper index ON on input line 4165.
Package hyperref Info: Plain pages OFF on input line 4172.
Package hyperref Info: Backreferencing OFF on input line 4177.
Package hyperref Info: Implicit mode ON; LaTeX internals redefined.
Package hyperref Info: Bookmarks ON on input line 4424.
\c@Hy@tempcnt=\count342

(b:/ProgrammingLanguages/texlive/2024/texmf-dist/tex/latex/url/url.sty
\Urlmuskip=\muskip18
Package: url 2013/09/16  ver 3.4  Verb mode for urls, etc.
)
LaTeX Info: Redefining \url on input line 4763.
\XeTeXLinkMargin=\dimen320

(b:/ProgrammingLanguages/texlive/2024/texmf-dist/tex/generic/bitset/bitset.sty
Package: bitset 2019/12/09 v1.3 Handle bit-vector datatype (HO)

(b:/ProgrammingLanguages/texlive/2024/texmf-dist/tex/generic/bigintcalc/bigintc
alc.sty
Package: bigintcalc 2019/12/15 v1.5 Expandable calculations on big integers (HO
)
))
\Fld@menulength=\count343
\Field@Width=\dimen321
\Fld@charsize=\dimen322
Package hyperref Info: Hyper figures OFF on input line 6042.
Package hyperref Info: Link nesting OFF on input line 6047.
Package hyperref Info: Hyper index ON on input line 6050.
Package hyperref Info: backreferencing OFF on input line 6057.
Package hyperref Info: Link coloring OFF on input line 6062.
Package hyperref Info: Link coloring with OCG OFF on input line 6067.
Package hyperref Info: PDF/A mode OFF on input line 6072.

(b:/ProgrammingLanguages/texlive/2024/texmf-dist/tex/latex/base/atbegshi-ltx.st
y
Package: atbegshi-ltx 2021/01/10 v1.0c Emulation of the original atbegshi
package with kernel methods
)
\Hy@abspage=\count344
\c@Item=\count345
\c@Hfootnote=\count346
)
Package hyperref Info: Driver (autodetected): hpdftex.

(b:/ProgrammingLanguages/texlive/2024/texmf-dist/tex/latex/hyperref/hpdftex.def
File: hpdftex.def 2024-11-05 v7.01l Hyperref driver for pdfTeX

(b:/ProgrammingLanguages/texlive/2024/texmf-dist/tex/latex/base/atveryend-ltx.s
ty
Package: atveryend-ltx 2020/08/19 v1.0a Emulation of the original atveryend pac
kage
with kernel methods
)
\Fld@listcount=\count347
\c@bookmark@seq@number=\count348

(b:/ProgrammingLanguages/texlive/2024/texmf-dist/tex/latex/rerunfilecheck/rerun
filecheck.sty
Package: rerunfilecheck 2022-07-10 v1.10 Rerun checks for auxiliary files (HO)

(b:/ProgrammingLanguages/texlive/2024/texmf-dist/tex/generic/uniquecounter/uniq
uecounter.sty
Package: uniquecounter 2019/12/15 v1.4 Provide unlimited unique counter (HO)
)
Package uniquecounter Info: New unique counter `rerunfilecheck' on input line 2
85.
)
\Hy@SectionHShift=\skip114
)
(b:/ProgrammingLanguages/texlive/2024/texmf-dist/tex/latex/stmaryrd/stmaryrd.st
y
Package: stmaryrd 1994/03/03 St Mary's Road symbol package
\symstmry=\mathgroup7
LaTeX Font Info:    Overwriting symbol font `stmry' in version `bold'
(Font)                  U/stmry/m/n --> U/stmry/b/n on input line 89.
)
(b:/ProgrammingLanguages/texlive/2024/texmf-dist/tex/latex/jknapltx/mathrsfs.st
y
Package: mathrsfs 1996/01/01 Math RSFS package v1.0 (jk)
\symrsfs=\mathgroup8
)
(b:/ProgrammingLanguages/texlive/2024/texmf-dist/tex/latex/pdflscape/pdflscape.
sty
Package: pdflscape 2022-10-27 v0.13 Display of landscape pages in PDF

(b:/ProgrammingLanguages/texlive/2024/texmf-dist/tex/latex/pdflscape/pdflscape-
nometadata.sty
Package: pdflscape-nometadata 2022-10-28 v0.13 Display of landscape pages in PD
F (HO)

(b:/ProgrammingLanguages/texlive/2024/texmf-dist/tex/latex/graphics/lscape.sty
Package: lscape 2020/05/28 v3.02 Landscape Pages (DPC)
)
Package pdflscape Info: Auto-detected driver: pdftex on input line 81.
))
(b:/ProgrammingLanguages/texlive/2024/texmf-dist/tex/latex/multirow/multirow.st
y
Package: multirow 2024/11/12 v2.9 Span multiple rows of a table
\multirow@colwidth=\skip115
\multirow@cntb=\count349
\multirow@dima=\skip116
\bigstrutjot=\dimen323
) (b:/ProgrammingLanguages/texlive/2024/texmf-dist/tex/latex/base/textcomp.sty
Package: textcomp 2024/04/24 v2.1b Standard LaTeX package
) (b:/ProgrammingLanguages/texlive/2024/texmf-dist/tex/latex/tasks/tasks.sty
(b:/ProgrammingLanguages/texlive/2024/texmf-dist/tex/latex/l3packages/xtemplate
/xtemplate.sty
Package: xtemplate 2024-08-16 L3 Experimental prototype document functions
)
Package: tasks 2022/01/08 v1.4a lists with columns filled horizontally
\g__tasks_total_items_int=\count350
\l__tasks_columns_int=\count351
\g__tasks_rows_int=\count352
\g__tasks_current_col_num_int=\count353
\g__tasks_current_row_num_int=\count354
\l__tasks_item_columns_int=\count355
\g__tasks_env_int=\count356
\l__tasks_start_int=\count357
\l__tasks_item_indent_dim=\dimen324
\l__tasks_item_default_indent_dim=\dimen325
\l__tasks_item_width_dim=\dimen326
\l__tasks_label_width_dim=\dimen327
\l__tasks_label_default_width_dim=\dimen328
\l__tasks_label_offset_dim=\dimen329
\l__tasks_label_default_offset_dim=\dimen330
\l__tasks_column_sep_dim=\dimen331
\l__tasks_correction_dim=\dimen332
\l__tasks_full_width_dim=\dimen333
\l__tasks_after_item_skip=\skip117
\l__tasks_custom_after_item_skip=\skip118
\l__tasks_before_list_skip=\skip119
\l__tasks_after_list_skip=\skip120
\l__tasks_item_coffin=\box124
\l__tasks_label_coffin=\box125
\c@task=\count358
\l__tasks_tmpa_int=\count359
\l__tasks_tmpb_int=\count360
\l__tasks_tmpa_coffin=\box126
\l__tasks_tmpa_box=\box127

LaTeX template Info: Declaring template type 'tasks' taking 3 argument(s) on
(template)           line 450.


(b:/ProgrammingLanguages/texlive/2024/texmf-dist/tex/latex/tasks/tasks.cfg))
(b:/ProgrammingLanguages/texlive/2024/texmf-dist/tex/latex/ragged2e/ragged2e.st
y
Package: ragged2e 2023/06/22 v3.6 ragged2e Package
\CenteringLeftskip=\skip121
\RaggedLeftLeftskip=\skip122
\RaggedRightLeftskip=\skip123
\CenteringRightskip=\skip124
\RaggedLeftRightskip=\skip125
\RaggedRightRightskip=\skip126
\CenteringParfillskip=\skip127
\RaggedLeftParfillskip=\skip128
\RaggedRightParfillskip=\skip129
\JustifyingParfillskip=\skip130
\CenteringParindent=\skip131
\RaggedLeftParindent=\skip132
\RaggedRightParindent=\skip133
\JustifyingParindent=\skip134
) (b:/ProgrammingLanguages/texlive/2024/texmf-dist/tex/latex/xargs/xargs.sty
Package: xargs 2008/03/22 v1.1  extended macro definitions  (mpg)

(b:/ProgrammingLanguages/texlive/2024/texmf-dist/tex/latex/xkeyval/xkeyval.sty
Package: xkeyval 2022/06/16 v2.9 package option processing (HA)

(b:/ProgrammingLanguages/texlive/2024/texmf-dist/tex/generic/xkeyval/xkeyval.te
x
(b:/ProgrammingLanguages/texlive/2024/texmf-dist/tex/generic/xkeyval/xkvutils.t
ex
\XKV@toks=\toks49
\XKV@tempa@toks=\toks50
)
\XKV@depth=\count361
File: xkeyval.tex 2014/12/03 v2.7a key=value parser (HA)
))
\xargs@max=\count362
\xargs@toksa=\toks51
\xargs@toksb=\toks52
)
(b:/ProgrammingLanguages/texlive/2024/texmf-dist/tex/latex/pgfplots/pgfplots.st
y
(b:/ProgrammingLanguages/texlive/2024/texmf-dist/tex/generic/pgfplots/pgfplots.
revision.tex)
Package: pgfplots 2021/05/15 v1.18.1 Data Visualization (1.18.1)

(b:/ProgrammingLanguages/texlive/2024/texmf-dist/tex/generic/pgfplots/pgfplots.
code.tex
(b:/ProgrammingLanguages/texlive/2024/texmf-dist/tex/generic/pgfplots/pgfplotsc
ore.code.tex
\t@pgfplots@toka=\toks53
\t@pgfplots@tokb=\toks54
\t@pgfplots@tokc=\toks55
\pgfplots@tmpa=\dimen334
\c@pgfplots@coordindex=\count363
\c@pgfplots@scanlineindex=\count364

(b:/ProgrammingLanguages/texlive/2024/texmf-dist/tex/generic/pgfplots/sys/pgfpl
otssysgeneric.code.tex))
(b:/ProgrammingLanguages/texlive/2024/texmf-dist/tex/generic/pgfplots/libs/pgfp
lotslibrary.code.tex)
(b:/ProgrammingLanguages/texlive/2024/texmf-dist/tex/generic/pgfplots/oldpgfcom
patib/pgfplotsoldpgfsupp_loader.code.tex
Package pgfplots: loading complementary utilities for your pgf version...
\t@pgf@toka=\toks56
\t@pgf@tokb=\toks57
\t@pgf@tokc=\toks58

(b:/ProgrammingLanguages/texlive/2024/texmf-dist/tex/generic/pgfplots/oldpgfcom
patib/pgfplotsoldpgfsupp_pgfutil-common-lists.tex))
(b:/ProgrammingLanguages/texlive/2024/texmf-dist/tex/generic/pgfplots/util/pgfp
lotsutil.code.tex
(b:/ProgrammingLanguages/texlive/2024/texmf-dist/tex/generic/pgfplots/liststruc
ture/pgfplotsliststructure.code.tex)
(b:/ProgrammingLanguages/texlive/2024/texmf-dist/tex/generic/pgfplots/liststruc
ture/pgfplotsliststructureext.code.tex)
(b:/ProgrammingLanguages/texlive/2024/texmf-dist/tex/generic/pgfplots/liststruc
ture/pgfplotsarray.code.tex
\c@pgfplotsarray@tmp=\count365
)
(b:/ProgrammingLanguages/texlive/2024/texmf-dist/tex/generic/pgfplots/liststruc
ture/pgfplotsmatrix.code.tex)
(b:/ProgrammingLanguages/texlive/2024/texmf-dist/tex/generic/pgfplots/numtable/
pgfplotstableshared.code.tex
\c@pgfplotstable@counta=\count366
\t@pgfplotstable@a=\toks59
)
(b:/ProgrammingLanguages/texlive/2024/texmf-dist/tex/generic/pgfplots/liststruc
ture/pgfplotsdeque.code.tex)
(b:/ProgrammingLanguages/texlive/2024/texmf-dist/tex/generic/pgfplots/util/pgfp
lotsbinary.code.tex
(b:/ProgrammingLanguages/texlive/2024/texmf-dist/tex/generic/pgfplots/util/pgfp
lotsbinary.data.code.tex))
(b:/ProgrammingLanguages/texlive/2024/texmf-dist/tex/generic/pgfplots/util/pgfp
lotsutil.verb.code.tex)
(b:/ProgrammingLanguages/texlive/2024/texmf-dist/tex/generic/pgfplots/libs/pgfl
ibrarypgfplots.surfshading.code.tex
\c@pgfplotslibrarysurf@no=\count367

(b:/ProgrammingLanguages/texlive/2024/texmf-dist/tex/generic/pgfplots/sys/pgfli
brarypgfplots.surfshading.pgfsys-pdftex.def)))
(b:/ProgrammingLanguages/texlive/2024/texmf-dist/tex/generic/pgfplots/util/pgfp
lotscolormap.code.tex
(b:/ProgrammingLanguages/texlive/2024/texmf-dist/tex/generic/pgfplots/util/pgfp
lotscolor.code.tex))
(b:/ProgrammingLanguages/texlive/2024/texmf-dist/tex/generic/pgfplots/pgfplotss
tackedplots.code.tex)
(b:/ProgrammingLanguages/texlive/2024/texmf-dist/tex/generic/pgfplots/pgfplotsp
lothandlers.code.tex
(b:/ProgrammingLanguages/texlive/2024/texmf-dist/tex/generic/pgfplots/pgfplotsm
eshplothandler.code.tex
(b:/ProgrammingLanguages/texlive/2024/texmf-dist/tex/generic/pgfplots/pgfplotsm
eshplotimage.code.tex)))
(b:/ProgrammingLanguages/texlive/2024/texmf-dist/tex/generic/pgfplots/pgfplots.
scaling.code.tex)
(b:/ProgrammingLanguages/texlive/2024/texmf-dist/tex/generic/pgfplots/pgfplotsc
oordprocessing.code.tex)
(b:/ProgrammingLanguages/texlive/2024/texmf-dist/tex/generic/pgfplots/pgfplots.
errorbars.code.tex)
(b:/ProgrammingLanguages/texlive/2024/texmf-dist/tex/generic/pgfplots/pgfplots.
markers.code.tex)
(b:/ProgrammingLanguages/texlive/2024/texmf-dist/tex/generic/pgfplots/pgfplotst
icks.code.tex)
(b:/ProgrammingLanguages/texlive/2024/texmf-dist/tex/generic/pgfplots/pgfplots.
paths.code.tex)
(b:/ProgrammingLanguages/texlive/2024/texmf-dist/tex/generic/pgfplots/libs/tikz
librarypgfplots.contourlua.code.tex)
\pgfplots@numplots=\count368
\pgfplots@xmin@reg=\dimen335
\pgfplots@xmax@reg=\dimen336
\pgfplots@ymin@reg=\dimen337
\pgfplots@ymax@reg=\dimen338
\pgfplots@zmin@reg=\dimen339
\pgfplots@zmax@reg=\dimen340
))
(b:/ProgrammingLanguages/texlive/2024/texmf-dist/tex/latex/was/icomma.sty
Package: icomma 2002/03/10 v2.0 (WaS)
)
(b:/ProgrammingLanguages/texlive/2024/texmf-dist/tex/generic/systeme/systeme.st
y
(b:/ProgrammingLanguages/texlive/2024/texmf-dist/tex/generic/xstring/xstring.st
y
(b:/ProgrammingLanguages/texlive/2024/texmf-dist/tex/generic/xstring/xstring.te
x
\xs_counta=\count369
\xs_countb=\count370
)
Package: xstring 2023/08/22 v1.86 String manipulations (CT)
)
(b:/ProgrammingLanguages/texlive/2024/texmf-dist/tex/generic/systeme/systeme.te
x
\SYS_systemecode=\toks60
\SYS_systempreamble=\toks61
\SYSeqnum=\count371
)
Package: systeme 2020/05/03 v0.34 Mise en forme de systemes d'equations (CT)
)
(b:/ProgrammingLanguages/texlive/2024/texmf-dist/tex/generic/pgf/frontendlayer/
tikz/libraries/tikzlibraryshadows.code.tex
File: tikzlibraryshadows.code.tex 2023-01-15 v3.1.10 (3.1.10)

(b:/ProgrammingLanguages/texlive/2024/texmf-dist/tex/generic/pgf/frontendlayer/
tikz/libraries/tikzlibraryfadings.code.tex
File: tikzlibraryfadings.code.tex 2023-01-15 v3.1.10 (3.1.10)

(b:/ProgrammingLanguages/texlive/2024/texmf-dist/tex/generic/pgf/libraries/pgfl
ibraryfadings.code.tex
File: pgflibraryfadings.code.tex 2023-01-15 v3.1.10 (3.1.10)
)))
(b:/ProgrammingLanguages/texlive/2024/texmf-dist/tex/latex/pgf/frontendlayer/li
braries/tikzlibraryexternal.code.tex
(b:/ProgrammingLanguages/texlive/2024/texmf-dist/tex/generic/pgf/frontendlayer/
tikz/libraries/tikzexternalshared.code.tex))
(b:/ProgrammingLanguages/texlive/2024/texmf-dist/tex/generic/pgf/frontendlayer/
tikz/libraries/tikzlibraryshapes.geometric.code.tex
File: tikzlibraryshapes.geometric.code.tex 2023-01-15 v3.1.10 (3.1.10)

(b:/ProgrammingLanguages/texlive/2024/texmf-dist/tex/generic/pgf/libraries/shap
es/pgflibraryshapes.geometric.code.tex
File: pgflibraryshapes.geometric.code.tex 2023-01-15 v3.1.10 (3.1.10)
))
(b:/ProgrammingLanguages/texlive/2024/texmf-dist/tex/generic/pgf/frontendlayer/
tikz/libraries/tikzlibraryfit.code.tex
File: tikzlibraryfit.code.tex 2023-01-15 v3.1.10 (3.1.10)
)
\netlength=\skip135
\rand=\skip136


Package scrlayer-scrpage Warning: Command `\setheadwidth' is deprecated.
(scrlayer-scrpage)                I'm using \KOMAoptions {headwidth=\textwidth 
:} instead,
(scrlayer-scrpage)                and so should you do on input line 257.


Package scrlayer-scrpage Warning: Command deprecated!
(scrl